[2020-02-03T22:30:18.375-0700][gc,heap] Heap region size: 1M
[2020-02-03T22:30:18.383-0700][gc     ] Using G1
[2020-02-03T22:30:18.383-0700][gc,heap,coops] Heap address: 0x00000007c0000000, size: 1024 MB, Compressed Oops mode: Zero based, Oop shift amount: 3
[2020-02-03T22:30:19.517-0700][gc,start     ] GC(0) Pause Young (Concurrent Start) (Metadata GC Threshold)
[2020-02-03T22:30:19.518-0700][gc,task      ] GC(0) Using 8 workers of 8 for evacuation
[2020-02-03T22:30:19.525-0700][gc,phases    ] GC(0)   Pre Evacuate Collection Set: 0.0ms
[2020-02-03T22:30:19.526-0700][gc,phases    ] GC(0)   Evacuate Collection Set: 7.0ms
[2020-02-03T22:30:19.526-0700][gc,phases    ] GC(0)   Post Evacuate Collection Set: 0.4ms
[2020-02-03T22:30:19.526-0700][gc,phases    ] GC(0)   Other: 0.6ms
[2020-02-03T22:30:19.526-0700][gc,heap      ] GC(0) Eden regions: 39->0(44)
[2020-02-03T22:30:19.526-0700][gc,heap      ] GC(0) Survivor regions: 0->7(7)
[2020-02-03T22:30:19.526-0700][gc,heap      ] GC(0) Old regions: 0->0
[2020-02-03T22:30:19.526-0700][gc,heap      ] GC(0) Humongous regions: 0->0
[2020-02-03T22:30:19.526-0700][gc,metaspace ] GC(0) Metaspace: 20735K->20735K(1069056K)
[2020-02-03T22:30:19.526-0700][gc           ] GC(0) Pause Young (Concurrent Start) (Metadata GC Threshold) 39M->6M(1024M) 8.323ms
[2020-02-03T22:30:19.526-0700][gc,cpu       ] GC(0) User=0.02s Sys=0.00s Real=0.01s
[2020-02-03T22:30:19.526-0700][gc           ] GC(1) Concurrent Cycle
[2020-02-03T22:30:19.526-0700][gc,marking   ] GC(1) Concurrent Clear Claimed Marks
[2020-02-03T22:30:19.526-0700][gc,marking   ] GC(1) Concurrent Clear Claimed Marks 0.100ms
[2020-02-03T22:30:19.526-0700][gc,marking   ] GC(1) Concurrent Scan Root Regions
[2020-02-03T22:30:19.529-0700][gc,marking   ] GC(1) Concurrent Scan Root Regions 3.294ms
[2020-02-03T22:30:19.529-0700][gc,marking   ] GC(1) Concurrent Mark (1.163s)
[2020-02-03T22:30:19.529-0700][gc,marking   ] GC(1) Concurrent Mark From Roots
[2020-02-03T22:30:19.529-0700][gc,task      ] GC(1) Using 2 workers of 2 for marking
[2020-02-03T22:30:19.530-0700][gc,marking   ] GC(1) Concurrent Mark From Roots 0.171ms
[2020-02-03T22:30:19.530-0700][gc,marking   ] GC(1) Concurrent Preclean
[2020-02-03T22:30:19.530-0700][gc,marking   ] GC(1) Concurrent Preclean 0.028ms
[2020-02-03T22:30:19.530-0700][gc,marking   ] GC(1) Concurrent Mark (1.163s, 1.163s) 0.250ms
[2020-02-03T22:30:19.530-0700][gc,start     ] GC(1) Pause Remark
[2020-02-03T22:30:19.532-0700][gc,stringtable] GC(1) Cleaned string and symbol table, strings: 7306 processed, 0 removed, symbols: 63356 processed, 40 removed
[2020-02-03T22:30:19.532-0700][gc            ] GC(1) Pause Remark 7M->7M(1024M) 2.066ms
[2020-02-03T22:30:19.532-0700][gc,cpu        ] GC(1) User=0.01s Sys=0.00s Real=0.00s
[2020-02-03T22:30:19.532-0700][gc,marking    ] GC(1) Concurrent Rebuild Remembered Sets
[2020-02-03T22:30:19.532-0700][gc,marking    ] GC(1) Concurrent Rebuild Remembered Sets 0.113ms
[2020-02-03T22:30:19.532-0700][gc,start      ] GC(1) Pause Cleanup
[2020-02-03T22:30:19.532-0700][gc            ] GC(1) Pause Cleanup 7M->7M(1024M) 0.127ms
[2020-02-03T22:30:19.532-0700][gc,cpu        ] GC(1) User=0.00s Sys=0.00s Real=0.00s
[2020-02-03T22:30:19.532-0700][gc,marking    ] GC(1) Concurrent Cleanup for Next Mark
[2020-02-03T22:30:19.537-0700][gc,marking    ] GC(1) Concurrent Cleanup for Next Mark 5.098ms
[2020-02-03T22:30:19.537-0700][gc            ] GC(1) Concurrent Cycle 11.551ms
[2020-02-03T22:30:20.551-0700][gc,start      ] GC(2) Pause Young (Normal) (G1 Evacuation Pause)
[2020-02-03T22:30:20.551-0700][gc,task       ] GC(2) Using 8 workers of 8 for evacuation
[2020-02-03T22:30:20.556-0700][gc,phases     ] GC(2)   Pre Evacuate Collection Set: 0.0ms
[2020-02-03T22:30:20.556-0700][gc,phases     ] GC(2)   Evacuate Collection Set: 4.7ms
[2020-02-03T22:30:20.556-0700][gc,phases     ] GC(2)   Post Evacuate Collection Set: 0.3ms
[2020-02-03T22:30:20.556-0700][gc,phases     ] GC(2)   Other: 0.1ms
[2020-02-03T22:30:20.556-0700][gc,heap       ] GC(2) Eden regions: 44->0(48)
[2020-02-03T22:30:20.556-0700][gc,heap       ] GC(2) Survivor regions: 7->3(7)
[2020-02-03T22:30:20.556-0700][gc,heap       ] GC(2) Old regions: 0->7
[2020-02-03T22:30:20.556-0700][gc,heap       ] GC(2) Humongous regions: 129->129
[2020-02-03T22:30:20.556-0700][gc,metaspace  ] GC(2) Metaspace: 30705K->30705K(1077248K)
[2020-02-03T22:30:20.556-0700][gc            ] GC(2) Pause Young (Normal) (G1 Evacuation Pause) 179M->137M(1024M) 5.339ms
[2020-02-03T22:30:20.557-0700][gc,cpu        ] GC(2) User=0.03s Sys=0.01s Real=0.00s
[2020-02-03T22:30:20.917-0700][gc,start      ] GC(3) Pause Young (Concurrent Start) (Metadata GC Threshold)
[2020-02-03T22:30:20.917-0700][gc,task       ] GC(3) Using 8 workers of 8 for evacuation
[2020-02-03T22:30:20.922-0700][gc,phases     ] GC(3)   Pre Evacuate Collection Set: 0.1ms
[2020-02-03T22:30:20.922-0700][gc,phases     ] GC(3)   Evacuate Collection Set: 4.7ms
[2020-02-03T22:30:20.922-0700][gc,phases     ] GC(3)   Post Evacuate Collection Set: 0.3ms
[2020-02-03T22:30:20.922-0700][gc,phases     ] GC(3)   Other: 0.3ms
[2020-02-03T22:30:20.922-0700][gc,heap       ] GC(3) Eden regions: 24->0(46)
[2020-02-03T22:30:20.922-0700][gc,heap       ] GC(3) Survivor regions: 3->5(7)
[2020-02-03T22:30:20.922-0700][gc,heap       ] GC(3) Old regions: 7->7
[2020-02-03T22:30:20.922-0700][gc,heap       ] GC(3) Humongous regions: 129->129
[2020-02-03T22:30:20.922-0700][gc,metaspace  ] GC(3) Metaspace: 34845K->34845K(1081344K)
[2020-02-03T22:30:20.922-0700][gc            ] GC(3) Pause Young (Concurrent Start) (Metadata GC Threshold) 161M->140M(1024M) 5.550ms
[2020-02-03T22:30:20.922-0700][gc,cpu        ] GC(3) User=0.02s Sys=0.00s Real=0.01s
[2020-02-03T22:30:20.922-0700][gc            ] GC(4) Concurrent Cycle
[2020-02-03T22:30:20.922-0700][gc,marking    ] GC(4) Concurrent Clear Claimed Marks
[2020-02-03T22:30:20.922-0700][gc,marking    ] GC(4) Concurrent Clear Claimed Marks 0.038ms
[2020-02-03T22:30:20.922-0700][gc,marking    ] GC(4) Concurrent Scan Root Regions
[2020-02-03T22:30:20.925-0700][gc,marking    ] GC(4) Concurrent Scan Root Regions 2.537ms
[2020-02-03T22:30:20.925-0700][gc,marking    ] GC(4) Concurrent Mark (2.558s)
[2020-02-03T22:30:20.925-0700][gc,marking    ] GC(4) Concurrent Mark From Roots
[2020-02-03T22:30:20.925-0700][gc,task       ] GC(4) Using 2 workers of 2 for marking
[2020-02-03T22:30:20.930-0700][gc,marking    ] GC(4) Concurrent Mark From Roots 5.134ms
[2020-02-03T22:30:20.930-0700][gc,marking    ] GC(4) Concurrent Preclean
[2020-02-03T22:30:20.930-0700][gc,marking    ] GC(4) Concurrent Preclean 0.056ms
[2020-02-03T22:30:20.930-0700][gc,marking    ] GC(4) Concurrent Mark (2.558s, 2.563s) 5.278ms
[2020-02-03T22:30:20.937-0700][gc,start      ] GC(4) Pause Remark
[2020-02-03T22:30:20.940-0700][gc,stringtable] GC(4) Cleaned string and symbol table, strings: 13294 processed, 8 removed, symbols: 99437 processed, 35 removed
[2020-02-03T22:30:20.940-0700][gc            ] GC(4) Pause Remark 141M->141M(1024M) 2.611ms
[2020-02-03T22:30:20.940-0700][gc,cpu        ] GC(4) User=0.01s Sys=0.00s Real=0.01s
[2020-02-03T22:30:20.940-0700][gc,marking    ] GC(4) Concurrent Rebuild Remembered Sets
[2020-02-03T22:30:20.944-0700][gc,marking    ] GC(4) Concurrent Rebuild Remembered Sets 4.266ms
[2020-02-03T22:30:20.945-0700][gc,start      ] GC(4) Pause Cleanup
[2020-02-03T22:30:20.946-0700][gc            ] GC(4) Pause Cleanup 141M->141M(1024M) 0.182ms
[2020-02-03T22:30:20.946-0700][gc,cpu        ] GC(4) User=0.00s Sys=0.00s Real=0.00s
[2020-02-03T22:30:20.946-0700][gc,marking    ] GC(4) Concurrent Cleanup for Next Mark
[2020-02-03T22:30:20.955-0700][gc,marking    ] GC(4) Concurrent Cleanup for Next Mark 8.999ms
[2020-02-03T22:30:20.955-0700][gc            ] GC(4) Concurrent Cycle 32.584ms
[2020-02-03T22:48:11.729-0700][gc,start      ] GC(5) Pause Young (Normal) (G1 Evacuation Pause)
[2020-02-03T22:48:11.730-0700][gc,task       ] GC(5) Using 8 workers of 8 for evacuation
[2020-02-03T22:48:11.734-0700][gc,phases     ] GC(5)   Pre Evacuate Collection Set: 0.1ms
[2020-02-03T22:48:11.734-0700][gc,phases     ] GC(5)   Evacuate Collection Set: 4.0ms
[2020-02-03T22:48:11.734-0700][gc,phases     ] GC(5)   Post Evacuate Collection Set: 0.4ms
[2020-02-03T22:48:11.734-0700][gc,phases     ] GC(5)   Other: 0.5ms
[2020-02-03T22:48:11.734-0700][gc,heap       ] GC(5) Eden regions: 46->0(46)
[2020-02-03T22:48:11.734-0700][gc,heap       ] GC(5) Survivor regions: 5->5(7)
[2020-02-03T22:48:11.734-0700][gc,heap       ] GC(5) Old regions: 7->9
[2020-02-03T22:48:11.734-0700][gc,heap       ] GC(5) Humongous regions: 129->129
[2020-02-03T22:48:11.734-0700][gc,metaspace  ] GC(5) Metaspace: 41918K->41918K(1087488K)
[2020-02-03T22:48:11.734-0700][gc            ] GC(5) Pause Young (Normal) (G1 Evacuation Pause) 186M->141M(1024M) 5.063ms
[2020-02-03T22:48:11.734-0700][gc,cpu        ] GC(5) User=0.03s Sys=0.01s Real=0.01s
[2020-02-03T22:52:31.154-0700][gc,start      ] GC(6) Pause Young (Normal) (G1 Evacuation Pause)
[2020-02-03T22:52:31.155-0700][gc,task       ] GC(6) Using 8 workers of 8 for evacuation
[2020-02-03T22:52:31.161-0700][gc,phases     ] GC(6)   Pre Evacuate Collection Set: 0.0ms
[2020-02-03T22:52:31.161-0700][gc,phases     ] GC(6)   Evacuate Collection Set: 4.7ms
[2020-02-03T22:52:31.161-0700][gc,phases     ] GC(6)   Post Evacuate Collection Set: 0.7ms
[2020-02-03T22:52:31.161-0700][gc,phases     ] GC(6)   Other: 1.1ms
[2020-02-03T22:52:31.161-0700][gc,heap       ] GC(6) Eden regions: 46->0(46)
[2020-02-03T22:52:31.161-0700][gc,heap       ] GC(6) Survivor regions: 5->5(7)
[2020-02-03T22:52:31.161-0700][gc,heap       ] GC(6) Old regions: 9->11
[2020-02-03T22:52:31.161-0700][gc,heap       ] GC(6) Humongous regions: 129->129
[2020-02-03T22:52:31.161-0700][gc,metaspace  ] GC(6) Metaspace: 46669K->46669K(1091584K)
[2020-02-03T22:52:31.161-0700][gc            ] GC(6) Pause Young (Normal) (G1 Evacuation Pause) 187M->144M(1024M) 6.720ms
[2020-02-03T22:52:31.161-0700][gc,cpu        ] GC(6) User=0.04s Sys=0.00s Real=0.01s
[2020-02-03T23:09:21.176-0700][gc,start      ] GC(7) Pause Young (Normal) (G1 Evacuation Pause)
[2020-02-03T23:09:21.176-0700][gc,task       ] GC(7) Using 8 workers of 8 for evacuation
[2020-02-03T23:09:21.183-0700][gc,phases     ] GC(7)   Pre Evacuate Collection Set: 0.0ms
[2020-02-03T23:09:21.183-0700][gc,phases     ] GC(7)   Evacuate Collection Set: 6.7ms
[2020-02-03T23:09:21.183-0700][gc,phases     ] GC(7)   Post Evacuate Collection Set: 0.7ms
[2020-02-03T23:09:21.183-0700][gc,phases     ] GC(7)   Other: 0.4ms
[2020-02-03T23:09:21.183-0700][gc,heap       ] GC(7) Eden regions: 46->0(48)
[2020-02-03T23:09:21.183-0700][gc,heap       ] GC(7) Survivor regions: 5->3(7)
[2020-02-03T23:09:21.183-0700][gc,heap       ] GC(7) Old regions: 11->13
[2020-02-03T23:09:21.184-0700][gc,heap       ] GC(7) Humongous regions: 129->129
[2020-02-03T23:09:21.184-0700][gc,metaspace  ] GC(7) Metaspace: 47137K->47137K(1091584K)
[2020-02-03T23:09:21.184-0700][gc            ] GC(7) Pause Young (Normal) (G1 Evacuation Pause) 190M->144M(1024M) 8.036ms
[2020-02-03T23:09:21.184-0700][gc,cpu        ] GC(7) User=0.05s Sys=0.00s Real=0.01s
[2020-02-03T23:27:44.135-0700][gc,start      ] GC(8) Pause Young (Normal) (G1 Evacuation Pause)
[2020-02-03T23:27:44.136-0700][gc,task       ] GC(8) Using 8 workers of 8 for evacuation
[2020-02-03T23:27:44.144-0700][gc,phases     ] GC(8)   Pre Evacuate Collection Set: 0.0ms
[2020-02-03T23:27:44.144-0700][gc,phases     ] GC(8)   Evacuate Collection Set: 7.3ms
[2020-02-03T23:27:44.144-0700][gc,phases     ] GC(8)   Post Evacuate Collection Set: 0.7ms
[2020-02-03T23:27:44.144-0700][gc,phases     ] GC(8)   Other: 0.6ms
[2020-02-03T23:27:44.144-0700][gc,heap       ] GC(8) Eden regions: 48->0(48)
[2020-02-03T23:27:44.144-0700][gc,heap       ] GC(8) Survivor regions: 3->3(7)
[2020-02-03T23:27:44.144-0700][gc,heap       ] GC(8) Old regions: 13->13
[2020-02-03T23:27:44.144-0700][gc,heap       ] GC(8) Humongous regions: 129->129
[2020-02-03T23:27:44.144-0700][gc,metaspace  ] GC(8) Metaspace: 47245K->47245K(1091584K)
[2020-02-03T23:27:44.144-0700][gc            ] GC(8) Pause Young (Normal) (G1 Evacuation Pause) 192M->143M(1024M) 8.782ms
[2020-02-03T23:27:44.144-0700][gc,cpu        ] GC(8) User=0.04s Sys=0.01s Real=0.01s
